<?xml version="1.0" encoding="UTF-8"?>
<!-- Generated by org.testng.reporters.JUnitReportReporter -->
<testsuite hostname="HIMESH-PC" failures="0" tests="4" name="TestNGTest" time="0.008" errors="0" timestamp="27 May 2018 17:33:50 GMT" skipped="0">
  <testcase classname="TestNGTest" name="add1" time="0.003"/>
  <testcase classname="TestNGTest" name="add2" time="0.003"/>
  <testcase classname="TestNGTest" name="add3" time="0.001"/>
  <testcase classname="TestNGTest" name="add" time="0.001"/>
</testsuite> <!-- TestNGTest -->
