<?xml version="1.0" encoding="UTF-8"?>
<!-- Generated by org.testng.reporters.JUnitReportReporter -->
<testsuite hostname="HIMESH-PC" failures="0" tests="1" name="holder.Test18" time="0.001" errors="0" timestamp="27 May 2018 17:41:29 GMT" skipped="0">
  <testcase classname="holder.Test18" name="add" time="0.001"/>
</testsuite> <!-- holder.Test18 -->
