<?xml version="1.0" encoding="UTF-8"?>
<!-- Generated by org.testng.reporters.JUnitReportReporter -->
<testsuite hostname="HIMESH-PC" failures="0" tests="1" name="holder.NewTest19" time="0.002" errors="0" timestamp="27 May 2018 18:04:32 GMT" skipped="0">
  <testcase classname="holder.NewTest19" name="delectadd18" time="0.002"/>
</testsuite> <!-- holder.NewTest19 -->
