<?xml version="1.0" encoding="UTF-8"?>
<!-- Generated by org.testng.reporters.JUnitReportReporter -->
<testsuite hostname="HIMESH-PC" failures="0" tests="3" name="practicStatement.NewTest20" time="0.011" errors="0" timestamp="27 May 2018 18:57:40 GMT" skipped="0">
  <testcase classname="practicStatement.NewTest20" name="addVendor" time="0.007"/>
  <testcase classname="practicStatement.NewTest20" name="addProduct" time="0.003"/>
  <testcase classname="practicStatement.NewTest20" name="addCurrency" time="0.001"/>
</testsuite> <!-- practicStatement.NewTest20 -->
