<?xml version="1.0" encoding="UTF-8"?>
<!-- Generated by org.testng.reporters.JUnitReportReporter -->
<testsuite hostname="HIMESH-PC" failures="0" tests="3" name="practicStatement.NewTest21" time="0.005" errors="0" timestamp="27 May 2018 18:57:40 GMT" skipped="0">
  <testcase classname="practicStatement.NewTest21" name="deleteVendor" time="0.002"/>
  <testcase classname="practicStatement.NewTest21" name="deleteProduct" time="0.002"/>
  <testcase classname="practicStatement.NewTest21" name="deleteCurrency" time="0.001"/>
</testsuite> <!-- practicStatement.NewTest21 -->
