<?xml version="1.0" encoding="UTF-8"?>
<!-- Generated by org.testng.reporters.JUnitReportReporter -->
<testsuite hostname="HIMESH-PC" failures="0" tests="3" name="holder.NewTest1" time="0.013" errors="0" timestamp="27 May 2018 18:50:00 GMT" skipped="0">
  <testcase classname="holder.NewTest1" name="addVendor" time="0.007"/>
  <testcase classname="holder.NewTest1" name="addProduct" time="0.003"/>
  <testcase classname="holder.NewTest1" name="addCurrency" time="0.003"/>
</testsuite> <!-- holder.NewTest1 -->
