<?xml version="1.0" encoding="UTF-8"?>
<!-- Generated by org.testng.reporters.JUnitReportReporter -->
<testsuite hostname="HIMESH-PC" failures="0" tests="1" name="holder.NewTest18" time="0.006" errors="0" timestamp="27 May 2018 18:04:32 GMT" skipped="0">
  <testcase classname="holder.NewTest18" name="selects" time="0.006"/>
</testsuite> <!-- holder.NewTest18 -->
