<?xml version="1.0" encoding="UTF-8"?>
<!-- Generated by org.testng.reporters.JUnitReportReporter -->
<testsuite hostname="HIMESH-PC" failures="0" tests="1" name="practicStatement.EshopperClass" time="8.450" errors="0" timestamp="29 Jul 2018 16:37:23 GMT" skipped="0">
  <testcase classname="practicStatement.EshopperClass" name="loopOnMenuAndSubMenu" time="8.450"/>
</testsuite> <!-- practicStatement.EshopperClass -->
