<?xml version="1.0" encoding="UTF-8"?>
<!-- Generated by org.testng.reporters.JUnitReportReporter -->
<testsuite hostname="HIMESH-PC" failures="0" tests="1" name="com.wordpress.login.VerifyLoginPage" time="15.410" errors="0" timestamp="25 Apr 2018 17:37:04 GMT" skipped="0">
  <testcase classname="com.wordpress.login.VerifyLoginPage" name="VerifyValidLoginPage" time="15.410"/>
</testsuite> <!-- com.wordpress.login.VerifyLoginPage -->
