<?xml version="1.0" encoding="UTF-8"?>
<!-- Generated by org.testng.reporters.JUnitReportReporter -->
<testsuite hostname="HIMESH-PC" failures="0" tests="4" name="TestNGTestCase" time="0.011" errors="0" timestamp="24 May 2018 16:10:58 GMT" skipped="0">
  <testcase classname="TestNGTestCase" name="testDD" time="0.007"/>
  <testcase classname="TestNGTestCase" name="testBB" time="0.001"/>
  <testcase classname="TestNGTestCase" name="testCC" time="0.001"/>
  <testcase classname="TestNGTestCase" name="testAA" time="0.002"/>
</testsuite> <!-- TestNGTestCase -->
