<?xml version="1.0" encoding="UTF-8"?>
<!-- Generated by org.testng.reporters.JUnitReportReporter -->
<testsuite hostname="HIMESH-PC" failures="0" tests="3" name="holder.NewTest2" time="0.003" errors="0" timestamp="25 May 2018 17:10:37 GMT" skipped="0">
  <testcase classname="holder.NewTest2" name="DelectaddVendor" time="0.002"/>
  <testcase classname="holder.NewTest2" name="DelectaddProduct" time="0.001"/>
  <testcase classname="holder.NewTest2" name="DelectaddCurrency" time="0.000"/>
</testsuite> <!-- holder.NewTest2 -->
